This is pdfTeXk, Version 3.141592-1.40.3 (Web2C 7.5.6) (format=pdflatex 2010.6.1)  21 JUN 2010 02:08
entering extended mode
 %&-line parsing enabled.
**torproject.tex
(./torproject.tex
LaTeX2e <2005/12/01>
Babel <v3.8h> and hyphenation patterns for english, usenglishmax, dumylang, noh
yphenation, loaded.
(/usr/share/texmf-texlive/tex/latex/base/article.cls
Document Class: article 2005/09/16 v1.4f Standard LaTeX document class
(/usr/share/texmf-texlive/tex/latex/base/size11.clo
File: size11.clo 2005/09/16 v1.4f Standard LaTeX file (size option)
)
\c@part=\count79
\c@section=\count80
\c@subsection=\count81
\c@subsubsection=\count82
\c@paragraph=\count83
\c@subparagraph=\count84
\c@figure=\count85
\c@table=\count86
\abovecaptionskip=\skip41
\belowcaptionskip=\skip42
\bibindent=\dimen102
) (./torproject.aux)
\openout1 = `torproject.aux'.

LaTeX Font Info:    Checking defaults for OML/cmm/m/it on input line 2.
LaTeX Font Info:    ... okay on input line 2.
LaTeX Font Info:    Checking defaults for T1/cmr/m/n on input line 2.
LaTeX Font Info:    ... okay on input line 2.
LaTeX Font Info:    Checking defaults for OT1/cmr/m/n on input line 2.
LaTeX Font Info:    ... okay on input line 2.
LaTeX Font Info:    Checking defaults for OMS/cmsy/m/n on input line 2.
LaTeX Font Info:    ... okay on input line 2.
LaTeX Font Info:    Checking defaults for OMX/cmex/m/n on input line 2.
LaTeX Font Info:    ... okay on input line 2.
LaTeX Font Info:    Checking defaults for U/cmr/m/n on input line 2.
LaTeX Font Info:    ... okay on input line 2.

Underfull \hbox (badness 10000) in paragraph at lines 99--110

 []

[1

{/var/lib/texmf/fonts/map/pdftex/updmap/pdftex.map}]
Overfull \hbox (76.90027pt too wide) in paragraph at lines 141--141
[]          \OT1/cmtt/m/n/10.95 onclick="window.location='tor-doc-relay.html.de
'">Deutsch</option>[] 
 []


Overfull \hbox (82.64896pt too wide) in paragraph at lines 141--141
[]          \OT1/cmtt/m/n/10.95 onclick="window.location='tor-doc-relay.html.it
'">Italiano</option>[] 
 []


Overfull \hbox (37.5869pt too wide) in paragraph at lines 152--153
\OT1/cmr/m/n/10.95 pages de-fault to the en-glish ver-sion. Ex-ter-nal links (e
.g. http://check.torproject.org)
 []

[2] [3]
Overfull \hbox (7.09915pt too wide) in paragraph at lines 198--202
\OT1/cmr/m/n/10.95 libhtml-clean-perl, libimage-size-perl, libperl5.10, libtidy
-0.99-0, libyaml-syck-
 []


Overfull \hbox (25.16208pt too wide) in paragraph at lines 215--215
[]\OT1/cmtt/m/n/10.95 TORGIT = PATH_TO_TOR_DEVELOPMENT   # the path to developm
ent branch[] 
 []

[4] (./torproject.aux) ) 
Here is how much of TeX's memory you used:
 214 strings out of 95086
 2338 string characters out of 1183256
 49015 words of memory out of 1500000
 3469 multiletter control sequences out of 10000+50000
 5318 words of font info for 20 fonts, out of 1200000 for 2000
 28 hyphenation exceptions out of 8191
 21i,5n,19p,618b,241s stack positions out of 5000i,500n,6000p,200000b,5000s
</usr/share/texmf-texlive/fonts/type1/bluesky/cm/cmbx12
.pfb></usr/share/texmf-texlive/fonts/type1/bluesky/cm/cmr10.pfb></usr/share/tex
mf-texlive/fonts/type1/bluesky/cm/cmtt10.pfb>
Output written on torproject.pdf (4 pages, 42120 bytes).
PDF statistics:
 27 PDF objects out of 1000 (max. 8388607)
 0 named destinations out of 1000 (max. 131072)
 1 words of extra memory for PDF output out of 10000 (max. 10000000)

